Detecting compiler hash for triplet x64-windows...
Compiler found: C:/Program Files/Microsoft Visual Studio/2022/Community/VC/Tools/MSVC/14.43.34808/bin/Hostx64/x64/cl.exe
All requested packages are currently installed.
Total install time: 871 us
openblas provides CMake targets:

  # this is heuristically generated, and may not be correct
  find_package(OpenBLAS CONFIG REQUIRED)
  target_link_libraries(main PRIVATE OpenBLAS::OpenBLAS)

openblas provides pkg-config modules:

  # OpenBLAS is an optimized BLAS library based on GotoBLAS2 1.13 BSD version
  openblas

blas provides pkg-config modules:

  # Implementation of BLAS
  blas

lapack-reference provides CMake targets:

    find_package(lapack CONFIG REQUIRED)
    target_link_libraries(main PRIVATE lapack)

lapack-reference is compatible with built-in CMake targets:

    find_package(LAPACK REQUIRED)
    target_link_libraries(main PRIVATE LAPACK::LAPACK)

lapack provides pkg-config modules:

  # Implementation of LAPACK
  lapack

armadillo provides CMake targets:

    find_package(Armadillo CONFIG REQUIRED)
    target_link_libraries(main PRIVATE armadillo)

armadillo is compatible with built-in CMake variables:

    find_package(Armadillo REQUIRED)
    target_include_directories(main PRIVATE ${ARMADILLO_INCLUDE_DIRS})
    target_link_libraries(main PRIVATE ${ARMADILLO_LIBRARIES})

eigen3 provides CMake targets:

  # this is heuristically generated, and may not be correct
  find_package(Eigen3 CONFIG REQUIRED)
  target_link_libraries(main PRIVATE Eigen3::Eigen)

eigen3 provides pkg-config modules:

  # A C++ template library for linear algebra: vectors, matrices, and related algorithms
  eigen3

The package fmt provides CMake targets:

    find_package(fmt CONFIG REQUIRED)
    target_link_libraries(main PRIVATE fmt::fmt)

    # Or use the header-only version
    find_package(fmt CONFIG REQUIRED)
    target_link_libraries(main PRIVATE fmt::fmt-header-only)

The package nlohmann-json provides CMake targets:

    find_package(nlohmann_json CONFIG REQUIRED)
    target_link_libraries(main PRIVATE nlohmann_json::nlohmann_json)

The package nlohmann-json can be configured to not provide implicit conversions via a custom triplet file:

    set(nlohmann-json_IMPLICIT_CONVERSIONS OFF)

For more information, see the docs here:
    
    https://json.nlohmann.me/api/macros/json_use_implicit_conversions/

